<?xml version="1.0" encoding="UTF-8"?>
<!-- Generated by org.testng.reporters.JUnitXMLReporter -->
<testsuite ignored="2" hostname="LAPTOP-R5G8AN9N" failures="0" tests="1" name="runTestsForLead" time="19.235" errors="0" timestamp="2021-06-08T19:16:14 IST">
  <testcase classname="Week5.day2.addExcelDataDynamically.DeleteLead" name="runDelete" time="7.098"/>
  <testcase classname="Week5.day2.addExcelDataDynamically.CreateLead" name="runCreateLead" time="0.0">
    <ignored/>
  </testcase> <!-- runCreateLead -->
  <testcase classname="Week5.day2.addExcelDataDynamically.EditLead" name="runEdit" time="0.0">
    <ignored/>
  </testcase> <!-- runEdit -->
</testsuite> <!-- runTestsForLead -->
