<?xml version="1.0" encoding="UTF-8"?>
<testng-results ignored="2" total="3" passed="1" failed="0" skipped="0">
  <reporter-output>
  </reporter-output>
  <suite started-at="2021-06-08T19:15:55 IST" name="TestCasesForLead" finished-at="2021-06-08T19:16:14 IST" duration-ms="19235">
    <groups>
    </groups>
    <test started-at="2021-06-08T19:15:55 IST" name="runTestsForLead" finished-at="2021-06-08T19:16:14 IST" duration-ms="19235">
      <class name="Week5.day2.addExcelDataDynamically.DeleteLead">
        <test-method is-config="true" signature="preCondition(java.lang.String, java.lang.String, java.lang.String)[pri:0, instance:Week5.day2.addExcelDataDynamically.DeleteLead@7995092a]" started-at="2021-06-08T19:15:56 IST" name="preCondition" finished-at="2021-06-08T19:16:03 IST" duration-ms="7342" status="PASS">
          <params>
            <param index="0">
              <value>
                <![CDATA[http://leaftaps.com/opentaps/]]>
              </value>
            </param>
            <param index="1">
              <value>
                <![CDATA[DemoSalesManager]]>
              </value>
            </param>
            <param index="2">
              <value>
                <![CDATA[crmsfa]]>
              </value>
            </param>
          </params>
          <reporter-output>
          </reporter-output>
        </test-method> <!-- preCondition -->
        <test-method signature="runDelete(java.lang.String)[pri:0, instance:Week5.day2.addExcelDataDynamically.DeleteLead@7995092a]" started-at="2021-06-08T19:16:03 IST" name="runDelete" data-provider="fetchData" finished-at="2021-06-08T19:16:10 IST" duration-ms="7098" status="PASS">
          <params>
            <param index="0">
              <value>
                <![CDATA[99]]>
              </value>
            </param>
          </params>
          <reporter-output>
          </reporter-output>
        </test-method> <!-- runDelete -->
        <test-method is-config="true" signature="postCondition()[pri:0, instance:Week5.day2.addExcelDataDynamically.DeleteLead@7995092a]" started-at="2021-06-08T19:16:10 IST" name="postCondition" finished-at="2021-06-08T19:16:14 IST" duration-ms="4143" status="PASS">
          <reporter-output>
          </reporter-output>
        </test-method> <!-- postCondition -->
      </class> <!-- Week5.day2.addExcelDataDynamically.DeleteLead -->
    </test> <!-- runTestsForLead -->
  </suite> <!-- TestCasesForLead -->
</testng-results>
